<persistence version="2.0"
	xmlns="http://java.sun.com/xml/ns/persistence" xmlns:xsi="http://www.w3.org/2001/XMLSchema-instance"
	xsi:schemaLocation="http://java.sun.com/xml/ns/persistence
                        http://java.sun.com/xml/ns/persistence/persistence_2_0.xsd">
	<persistence-unit name="test_votacao_pu" transaction-type="RESOURCE_LOCAL">
		<provider>org.hibernate.ejb.HibernatePersistence</provider>
		<class>br.com.getjava.votacao.domain.Restaurante</class>
		<class>br.com.getjava.votacao.domain.Usuario</class>
		<class>br.com.getjava.votacao.domain.PossivelEscolha</class>
		
		 <properties>
            <property name="hibernate.hbm2ddl.auto" value="create-drop"/>
            <property name="hibernate.show_sql" value="true"/>            
			<property name="hibernate.format_sql" value="true" />
			<property name="use_sql_comments" value="true" />
            
        </properties>
	</persistence-unit>
</persistence>